<?xml version="1.0" encoding="UTF-8"?>
<testsuites>
  <testsuite name="Forgot password" timestamp="2023-02-17T12:11:16" time="10.614" tests="1" failures="0" errors="0" skipped="0">
    <properties>
      <property name="specId" value="0"/>
      <property name="suiteName" value="Forgot password"/>
      <property name="capabilities" value="chrome.110_0_5481_77.windows"/>
      <property name="file" value="file:///C:/Users/ADMIN/Desktop/Webdriver/webdriverio_github_actions/test/specs/forgot_password.e2e.js"/>
    </properties>
    <testcase classname="chrome.110_0_5481_77.windows.Forgot_password" name="Send email for forgot password" time="10.612">
      <system-out><![CDATA[
COMMAND: POST /session/3262de7cd98d2e3942081bc0552df9d6/url - {"url":"http://zero.webappsecurity.com/index.html"}
RESULT: {"url":"http://zero.webappsecurity.com/index.html"}
COMMAND: POST /session/3262de7cd98d2e3942081bc0552df9d6/window/maximize - {}
RESULT: {}
RESULT: undefined
COMMAND: POST /session/3262de7cd98d2e3942081bc0552df9d6/element - {"using":"xpath","value":".//button[contains(., \"Signin\")]"}
RESULT: {"using":"xpath","value":".//button[contains(., \"Signin\")]"}
COMMAND: POST /session/3262de7cd98d2e3942081bc0552df9d6/execute/sync - {"script":"return (function isElementDisplayed(element) {\n    function nodeIsElement(node) {\n        if (!node) {\n            return false;\n        }\n        switch (node.nodeType) {\n            case Node.ELEMEN ... (7807 more bytes)","args":[{"element-6066-11e4-a52e-4f735466cecf":"f8d281ca-06d0-47c1-a200-466c7dd473fd","ELEMENT":"f8d281ca-06d0-47c1-a200-466c7dd473fd"}]}
RESULT: {"script":"return (function isElementDisplayed(element) {\n    function nodeIsElement(node) {\n        if (!node) {\n            return false;\n        }\n        switch (node.nodeType) {\n            case Node.ELEMEN ... (7807 more bytes)","args":[{"element-6066-11e4-a52e-4f735466cecf":"f8d281ca-06d0-47c1-a200-466c7dd473fd","ELEMENT":"f8d281ca-06d0-47c1-a200-466c7dd473fd"}]}
COMMAND: POST /session/3262de7cd98d2e3942081bc0552df9d6/execute/sync - {"script":"return (function isElementClickable(elem) {\n    if (!elem.getBoundingClientRect || !elem.scrollIntoView || !elem.contains || !elem.getClientRects || !document.elementFromPoint) {\n        return false; ... (5151 more bytes)","args":[{"element-6066-11e4-a52e-4f735466cecf":"f8d281ca-06d0-47c1-a200-466c7dd473fd","ELEMENT":"f8d281ca-06d0-47c1-a200-466c7dd473fd"}]}
RESULT: {"script":"return (function isElementClickable(elem) {\n    if (!elem.getBoundingClientRect || !elem.scrollIntoView || !elem.contains || !elem.getClientRects || !document.elementFromPoint) {\n        return false; ... (5151 more bytes)","args":[{"element-6066-11e4-a52e-4f735466cecf":"f8d281ca-06d0-47c1-a200-466c7dd473fd","ELEMENT":"f8d281ca-06d0-47c1-a200-466c7dd473fd"}]}
COMMAND: POST /session/3262de7cd98d2e3942081bc0552df9d6/element/f8d281ca-06d0-47c1-a200-466c7dd473fd/click - {}
RESULT: {}
RESULT: undefined
COMMAND: POST /session/3262de7cd98d2e3942081bc0552df9d6/element - {"using":"css selector","value":"#login_form"}
RESULT: {"using":"css selector","value":"#login_form"}
COMMAND: POST /session/3262de7cd98d2e3942081bc0552df9d6/execute/sync - {"script":"return (function isElementDisplayed(element) {\n    function nodeIsElement(node) {\n        if (!node) {\n            return false;\n        }\n        switch (node.nodeType) {\n            case Node.ELEMEN ... (7807 more bytes)","args":[{"element-6066-11e4-a52e-4f735466cecf":"13cf1b0c-9c02-4bc8-9a04-d993054f3a41","ELEMENT":"13cf1b0c-9c02-4bc8-9a04-d993054f3a41"}]}
RESULT: {"script":"return (function isElementDisplayed(element) {\n    function nodeIsElement(node) {\n        if (!node) {\n            return false;\n        }\n        switch (node.nodeType) {\n            case Node.ELEMEN ... (7807 more bytes)","args":[{"element-6066-11e4-a52e-4f735466cecf":"13cf1b0c-9c02-4bc8-9a04-d993054f3a41","ELEMENT":"13cf1b0c-9c02-4bc8-9a04-d993054f3a41"}]}
RESULT: undefined
COMMAND: POST /session/3262de7cd98d2e3942081bc0552df9d6/element - {"using":"xpath","value":".//a[normalize-space() = \"Forgot your password ?\"]"}
RESULT: {"using":"xpath","value":".//a[normalize-space() = \"Forgot your password ?\"]"}
COMMAND: POST /session/3262de7cd98d2e3942081bc0552df9d6/element/c82b75f8-4e6d-48c9-ab9d-33b354e6e8af/click - {}
RESULT: {}
RESULT: undefined
COMMAND: POST /session/3262de7cd98d2e3942081bc0552df9d6/element - {"using":"css selector","value":"h3"}
RESULT: {"using":"css selector","value":"h3"}
COMMAND: POST /session/3262de7cd98d2e3942081bc0552df9d6/element - {"using":"css selector","value":"h3"}
RESULT: {"using":"css selector","value":"h3"}
COMMAND: POST /session/3262de7cd98d2e3942081bc0552df9d6/element/d59d7902-10ae-4999-92a3-208ddfb374ee/element - {"using":"xpath","value":".."}
RESULT: {"using":"xpath","value":".."}
COMMAND: POST /session/3262de7cd98d2e3942081bc0552df9d6/element/0a00f675-a233-4663-ae61-26a886dd3673/element - {"using":"xpath","value":".."}
RESULT: {"using":"xpath","value":".."}
COMMAND: POST /session/3262de7cd98d2e3942081bc0552df9d6/element/7d974975-eddf-4ca7-8cee-2b59efcedd72/element - {"using":"xpath","value":".."}
RESULT: {"using":"xpath","value":".."}
COMMAND: POST /session/3262de7cd98d2e3942081bc0552df9d6/element/fdd95abd-fa84-4ac8-804b-cddcc219d536/element - {"using":"css selector","value":"p"}
RESULT: {"using":"css selector","value":"p"}
COMMAND: GET /session/3262de7cd98d2e3942081bc0552df9d6/element/d59d7902-10ae-4999-92a3-208ddfb374ee/text - {}
RESULT: {}
COMMAND: GET /session/3262de7cd98d2e3942081bc0552df9d6/element/6b698335-3e26-4ac3-aa21-12157fc31634/text - {}
RESULT: {}
RESULT: undefined
COMMAND: POST /session/3262de7cd98d2e3942081bc0552df9d6/element - {"using":"css selector","value":"h3"}
RESULT: {"using":"css selector","value":"h3"}
COMMAND: POST /session/3262de7cd98d2e3942081bc0552df9d6/element/d59d7902-10ae-4999-92a3-208ddfb374ee/element - {"using":"xpath","value":".."}
RESULT: {"using":"xpath","value":".."}
COMMAND: POST /session/3262de7cd98d2e3942081bc0552df9d6/element/0a00f675-a233-4663-ae61-26a886dd3673/element - {"using":"xpath","value":".."}
RESULT: {"using":"xpath","value":".."}
COMMAND: POST /session/3262de7cd98d2e3942081bc0552df9d6/element/7d974975-eddf-4ca7-8cee-2b59efcedd72/element - {"using":"xpath","value":".."}
RESULT: {"using":"xpath","value":".."}
COMMAND: POST /session/3262de7cd98d2e3942081bc0552df9d6/element/fdd95abd-fa84-4ac8-804b-cddcc219d536/element - {"using":"css selector","value":"p"}
RESULT: {"using":"css selector","value":"p"}
COMMAND: POST /session/3262de7cd98d2e3942081bc0552df9d6/element/6b698335-3e26-4ac3-aa21-12157fc31634/element - {"using":"xpath","value":".."}
RESULT: {"using":"xpath","value":".."}
COMMAND: POST /session/3262de7cd98d2e3942081bc0552df9d6/element/7d974975-eddf-4ca7-8cee-2b59efcedd72/element - {"using":"xpath","value":".//label[normalize-space() = \"Email\"]"}
RESULT: {"using":"xpath","value":".//label[normalize-space() = \"Email\"]"}
COMMAND: POST /session/3262de7cd98d2e3942081bc0552df9d6/element/2fce9cbb-3e41-4319-88d9-cd0c9970a851/element - {"using":"xpath","value":".."}
RESULT: {"using":"xpath","value":".."}
COMMAND: POST /session/3262de7cd98d2e3942081bc0552df9d6/element/f59253fc-d34b-4511-b352-c8c88ab822ae/element - {"using":"css selector","value":"input"}
RESULT: {"using":"css selector","value":"input"}
COMMAND: POST /session/3262de7cd98d2e3942081bc0552df9d6/element/f19c6166-1494-482a-ae6e-d3885a3dd33b/clear - {}
RESULT: {}
COMMAND: POST /session/3262de7cd98d2e3942081bc0552df9d6/element/f19c6166-1494-482a-ae6e-d3885a3dd33b/value - {"text":"baonguyen01121995@gmail.com"}
RESULT: {"text":"baonguyen01121995@gmail.com"}
RESULT: undefined
COMMAND: POST /session/3262de7cd98d2e3942081bc0552df9d6/element - {"using":"css selector","value":"[value=\"Send Password\"]"}
RESULT: {"using":"css selector","value":"[value=\"Send Password\"]"}
COMMAND: POST /session/3262de7cd98d2e3942081bc0552df9d6/element/add99c2b-4ce8-4af5-af9d-57d90607f98f/click - {}
RESULT: {}
RESULT: undefined
COMMAND: POST /session/3262de7cd98d2e3942081bc0552df9d6/element - {"using":"css selector","value":"h3"}
RESULT: {"using":"css selector","value":"h3"}
COMMAND: POST /session/3262de7cd98d2e3942081bc0552df9d6/element - {"using":"css selector","value":"h3"}
RESULT: {"using":"css selector","value":"h3"}
COMMAND: POST /session/3262de7cd98d2e3942081bc0552df9d6/element/27e3ab0c-c2a1-4bc9-8da1-e05c1c75d1c4/element - {"using":"xpath","value":".."}
RESULT: {"using":"xpath","value":".."}
COMMAND: POST /session/3262de7cd98d2e3942081bc0552df9d6/element/7f44697d-8ac1-4432-9d4d-7c3230644c91/element - {"using":"xpath","value":".."}
RESULT: {"using":"xpath","value":".."}
COMMAND: POST /session/3262de7cd98d2e3942081bc0552df9d6/element/8040e4aa-9ef0-4e64-b792-2377193b5502/element - {"using":"xpath","value":".."}
RESULT: {"using":"xpath","value":".."}
COMMAND: POST /session/3262de7cd98d2e3942081bc0552df9d6/element/fb4c5e0e-8b4a-4977-a8aa-06c0365e95e8/element - {"using":"xpath","value":".//div[contains(., \"Your password will be sent to the following email: baonguyen01121995@gmail.com\")]"}
RESULT: {"using":"xpath","value":".//div[contains(., \"Your password will be sent to the following email: baonguyen01121995@gmail.com\")]"}
COMMAND: GET /session/3262de7cd98d2e3942081bc0552df9d6/element/27e3ab0c-c2a1-4bc9-8da1-e05c1c75d1c4/text - {}
RESULT: {}
COMMAND: POST /session/3262de7cd98d2e3942081bc0552df9d6/execute/sync - {"script":"return (function isElementDisplayed(element) {\n    function nodeIsElement(node) {\n        if (!node) {\n            return false;\n        }\n        switch (node.nodeType) {\n            case Node.ELEMEN ... (7807 more bytes)","args":[{"element-6066-11e4-a52e-4f735466cecf":"8040e4aa-9ef0-4e64-b792-2377193b5502","ELEMENT":"8040e4aa-9ef0-4e64-b792-2377193b5502"}]}
RESULT: {"script":"return (function isElementDisplayed(element) {\n    function nodeIsElement(node) {\n        if (!node) {\n            return false;\n        }\n        switch (node.nodeType) {\n            case Node.ELEMEN ... (7807 more bytes)","args":[{"element-6066-11e4-a52e-4f735466cecf":"8040e4aa-9ef0-4e64-b792-2377193b5502","ELEMENT":"8040e4aa-9ef0-4e64-b792-2377193b5502"}]}
RESULT: undefined
COMMAND: DELETE /session/3262de7cd98d2e3942081bc0552df9d6 - {}
RESULT: {}
]]></system-out>
    </testcase>
  </testsuite>
</testsuites>