<?xml version="1.0" encoding="UTF-8"?>
<testsuites>
  <testsuite name="Add new payee" timestamp="2023-02-17T12:11:16" time="21.063" tests="1" failures="1" errors="1" skipped="0">
    <properties>
      <property name="specId" value="0"/>
      <property name="suiteName" value="Add new payee"/>
      <property name="capabilities" value="chrome.110_0_5481_77.windows"/>
      <property name="file" value="file:///C:/Users/ADMIN/Desktop/Webdriver/webdriverio_github_actions/test/specs/add_new_payee.e2e.js"/>
    </properties>
    <testcase classname="chrome.110_0_5481_77.windows.Add_new_payee" name="Add new payee pay bills" time="21.061">
      <failure/>
      <error message="Can't call $ on element with selector &quot;a=Logout&quot; because element wasn't found"/>
      <system-out><![CDATA[
COMMAND: POST /session/709b7f274de35e4c24a5d55102d94f94/url - {"url":"http://zero.webappsecurity.com/index.html"}
RESULT: {"url":"http://zero.webappsecurity.com/index.html"}
COMMAND: POST /session/709b7f274de35e4c24a5d55102d94f94/window/maximize - {}
RESULT: {}
RESULT: undefined
COMMAND: POST /session/709b7f274de35e4c24a5d55102d94f94/element - {"using":"xpath","value":".//button[contains(., \"Signin\")]"}
RESULT: {"using":"xpath","value":".//button[contains(., \"Signin\")]"}
COMMAND: POST /session/709b7f274de35e4c24a5d55102d94f94/execute/sync - {"script":"return (function isElementDisplayed(element) {\n    function nodeIsElement(node) {\n        if (!node) {\n            return false;\n        }\n        switch (node.nodeType) {\n            case Node.ELEMEN ... (7807 more bytes)","args":[{"element-6066-11e4-a52e-4f735466cecf":"2d1f70eb-2572-4ae0-8f38-aa7988f42dd1","ELEMENT":"2d1f70eb-2572-4ae0-8f38-aa7988f42dd1"}]}
RESULT: {"script":"return (function isElementDisplayed(element) {\n    function nodeIsElement(node) {\n        if (!node) {\n            return false;\n        }\n        switch (node.nodeType) {\n            case Node.ELEMEN ... (7807 more bytes)","args":[{"element-6066-11e4-a52e-4f735466cecf":"2d1f70eb-2572-4ae0-8f38-aa7988f42dd1","ELEMENT":"2d1f70eb-2572-4ae0-8f38-aa7988f42dd1"}]}
COMMAND: POST /session/709b7f274de35e4c24a5d55102d94f94/execute/sync - {"script":"return (function isElementClickable(elem) {\n    if (!elem.getBoundingClientRect || !elem.scrollIntoView || !elem.contains || !elem.getClientRects || !document.elementFromPoint) {\n        return false; ... (5151 more bytes)","args":[{"element-6066-11e4-a52e-4f735466cecf":"2d1f70eb-2572-4ae0-8f38-aa7988f42dd1","ELEMENT":"2d1f70eb-2572-4ae0-8f38-aa7988f42dd1"}]}
RESULT: {"script":"return (function isElementClickable(elem) {\n    if (!elem.getBoundingClientRect || !elem.scrollIntoView || !elem.contains || !elem.getClientRects || !document.elementFromPoint) {\n        return false; ... (5151 more bytes)","args":[{"element-6066-11e4-a52e-4f735466cecf":"2d1f70eb-2572-4ae0-8f38-aa7988f42dd1","ELEMENT":"2d1f70eb-2572-4ae0-8f38-aa7988f42dd1"}]}
COMMAND: POST /session/709b7f274de35e4c24a5d55102d94f94/element/2d1f70eb-2572-4ae0-8f38-aa7988f42dd1/click - {}
RESULT: {}
RESULT: undefined
COMMAND: POST /session/709b7f274de35e4c24a5d55102d94f94/element - {"using":"css selector","value":"#login_form"}
RESULT: {"using":"css selector","value":"#login_form"}
COMMAND: POST /session/709b7f274de35e4c24a5d55102d94f94/execute/sync - {"script":"return (function isElementDisplayed(element) {\n    function nodeIsElement(node) {\n        if (!node) {\n            return false;\n        }\n        switch (node.nodeType) {\n            case Node.ELEMEN ... (7807 more bytes)","args":[{"element-6066-11e4-a52e-4f735466cecf":"4fecfb7a-da77-4d8c-8e5f-2602b322276b","ELEMENT":"4fecfb7a-da77-4d8c-8e5f-2602b322276b"}]}
RESULT: {"script":"return (function isElementDisplayed(element) {\n    function nodeIsElement(node) {\n        if (!node) {\n            return false;\n        }\n        switch (node.nodeType) {\n            case Node.ELEMEN ... (7807 more bytes)","args":[{"element-6066-11e4-a52e-4f735466cecf":"4fecfb7a-da77-4d8c-8e5f-2602b322276b","ELEMENT":"4fecfb7a-da77-4d8c-8e5f-2602b322276b"}]}
RESULT: undefined
COMMAND: POST /session/709b7f274de35e4c24a5d55102d94f94/element - {"using":"css selector","value":"#user_login"}
RESULT: {"using":"css selector","value":"#user_login"}
COMMAND: POST /session/709b7f274de35e4c24a5d55102d94f94/element/e3ef5b27-50f8-446d-bfa1-88c35c2557f4/clear - {}
RESULT: {}
COMMAND: POST /session/709b7f274de35e4c24a5d55102d94f94/element/e3ef5b27-50f8-446d-bfa1-88c35c2557f4/value - {"text":"undefined"}
RESULT: {"text":"undefined"}
RESULT: undefined
COMMAND: POST /session/709b7f274de35e4c24a5d55102d94f94/element - {"using":"css selector","value":"#user_password"}
RESULT: {"using":"css selector","value":"#user_password"}
COMMAND: POST /session/709b7f274de35e4c24a5d55102d94f94/element/25182eb1-40f3-4693-8e8a-341d71567ca0/clear - {}
RESULT: {}
COMMAND: POST /session/709b7f274de35e4c24a5d55102d94f94/element/25182eb1-40f3-4693-8e8a-341d71567ca0/value - {"text":"undefined"}
RESULT: {"text":"undefined"}
RESULT: undefined
COMMAND: POST /session/709b7f274de35e4c24a5d55102d94f94/element - {"using":"css selector","value":"#user_remember_me"}
RESULT: {"using":"css selector","value":"#user_remember_me"}
COMMAND: POST /session/709b7f274de35e4c24a5d55102d94f94/execute/sync - {"script":"return (function isElementDisplayed(element) {\n    function nodeIsElement(node) {\n        if (!node) {\n            return false;\n        }\n        switch (node.nodeType) {\n            case Node.ELEMEN ... (7807 more bytes)","args":[{"element-6066-11e4-a52e-4f735466cecf":"a536ab69-ec8b-40a7-ad55-ba1a0d372af9","ELEMENT":"a536ab69-ec8b-40a7-ad55-ba1a0d372af9"}]}
RESULT: {"script":"return (function isElementDisplayed(element) {\n    function nodeIsElement(node) {\n        if (!node) {\n            return false;\n        }\n        switch (node.nodeType) {\n            case Node.ELEMEN ... (7807 more bytes)","args":[{"element-6066-11e4-a52e-4f735466cecf":"a536ab69-ec8b-40a7-ad55-ba1a0d372af9","ELEMENT":"a536ab69-ec8b-40a7-ad55-ba1a0d372af9"}]}
COMMAND: POST /session/709b7f274de35e4c24a5d55102d94f94/execute/sync - {"script":"return (function isElementClickable(elem) {\n    if (!elem.getBoundingClientRect || !elem.scrollIntoView || !elem.contains || !elem.getClientRects || !document.elementFromPoint) {\n        return false; ... (5151 more bytes)","args":[{"element-6066-11e4-a52e-4f735466cecf":"a536ab69-ec8b-40a7-ad55-ba1a0d372af9","ELEMENT":"a536ab69-ec8b-40a7-ad55-ba1a0d372af9"}]}
RESULT: {"script":"return (function isElementClickable(elem) {\n    if (!elem.getBoundingClientRect || !elem.scrollIntoView || !elem.contains || !elem.getClientRects || !document.elementFromPoint) {\n        return false; ... (5151 more bytes)","args":[{"element-6066-11e4-a52e-4f735466cecf":"a536ab69-ec8b-40a7-ad55-ba1a0d372af9","ELEMENT":"a536ab69-ec8b-40a7-ad55-ba1a0d372af9"}]}
COMMAND: POST /session/709b7f274de35e4c24a5d55102d94f94/element/a536ab69-ec8b-40a7-ad55-ba1a0d372af9/click - {}
RESULT: {}
RESULT: undefined
COMMAND: POST /session/709b7f274de35e4c24a5d55102d94f94/element - {"using":"css selector","value":"[value=\"Sign in\"]"}
RESULT: {"using":"css selector","value":"[value=\"Sign in\"]"}
COMMAND: POST /session/709b7f274de35e4c24a5d55102d94f94/execute/sync - {"script":"return (function isElementDisplayed(element) {\n    function nodeIsElement(node) {\n        if (!node) {\n            return false;\n        }\n        switch (node.nodeType) {\n            case Node.ELEMEN ... (7807 more bytes)","args":[{"element-6066-11e4-a52e-4f735466cecf":"b49d9913-ad16-41d0-817d-7a71925552c7","ELEMENT":"b49d9913-ad16-41d0-817d-7a71925552c7"}]}
RESULT: {"script":"return (function isElementDisplayed(element) {\n    function nodeIsElement(node) {\n        if (!node) {\n            return false;\n        }\n        switch (node.nodeType) {\n            case Node.ELEMEN ... (7807 more bytes)","args":[{"element-6066-11e4-a52e-4f735466cecf":"b49d9913-ad16-41d0-817d-7a71925552c7","ELEMENT":"b49d9913-ad16-41d0-817d-7a71925552c7"}]}
COMMAND: POST /session/709b7f274de35e4c24a5d55102d94f94/execute/sync - {"script":"return (function isElementClickable(elem) {\n    if (!elem.getBoundingClientRect || !elem.scrollIntoView || !elem.contains || !elem.getClientRects || !document.elementFromPoint) {\n        return false; ... (5151 more bytes)","args":[{"element-6066-11e4-a52e-4f735466cecf":"b49d9913-ad16-41d0-817d-7a71925552c7","ELEMENT":"b49d9913-ad16-41d0-817d-7a71925552c7"}]}
RESULT: {"script":"return (function isElementClickable(elem) {\n    if (!elem.getBoundingClientRect || !elem.scrollIntoView || !elem.contains || !elem.getClientRects || !document.elementFromPoint) {\n        return false; ... (5151 more bytes)","args":[{"element-6066-11e4-a52e-4f735466cecf":"b49d9913-ad16-41d0-817d-7a71925552c7","ELEMENT":"b49d9913-ad16-41d0-817d-7a71925552c7"}]}
COMMAND: POST /session/709b7f274de35e4c24a5d55102d94f94/element/b49d9913-ad16-41d0-817d-7a71925552c7/click - {}
RESULT: {}
RESULT: undefined
COMMAND: POST /session/709b7f274de35e4c24a5d55102d94f94/url - {"url":"http://zero.webappsecurity.com/"}
RESULT: {"url":"http://zero.webappsecurity.com/"}
COMMAND: POST /session/709b7f274de35e4c24a5d55102d94f94/element - {"using":"xpath","value":".//a[normalize-space() = \"Logout\"]"}
RESULT: {"using":"xpath","value":".//a[normalize-space() = \"Logout\"]"}
COMMAND: POST /session/709b7f274de35e4c24a5d55102d94f94/elements - {"using":"xpath","value":".//a[normalize-space() = \"Logout\"]"}
RESULT: {"using":"xpath","value":".//a[normalize-space() = \"Logout\"]"}
COMMAND: POST /session/709b7f274de35e4c24a5d55102d94f94/elements - {"using":"xpath","value":".//a[normalize-space() = \"Logout\"]"}
RESULT: {"using":"xpath","value":".//a[normalize-space() = \"Logout\"]"}
COMMAND: POST /session/709b7f274de35e4c24a5d55102d94f94/elements - {"using":"xpath","value":".//a[normalize-space() = \"Logout\"]"}
RESULT: {"using":"xpath","value":".//a[normalize-space() = \"Logout\"]"}
COMMAND: POST /session/709b7f274de35e4c24a5d55102d94f94/elements - {"using":"xpath","value":".//a[normalize-space() = \"Logout\"]"}
RESULT: {"using":"xpath","value":".//a[normalize-space() = \"Logout\"]"}
COMMAND: POST /session/709b7f274de35e4c24a5d55102d94f94/elements - {"using":"xpath","value":".//a[normalize-space() = \"Logout\"]"}
RESULT: {"using":"xpath","value":".//a[normalize-space() = \"Logout\"]"}
COMMAND: POST /session/709b7f274de35e4c24a5d55102d94f94/elements - {"using":"xpath","value":".//a[normalize-space() = \"Logout\"]"}
RESULT: {"using":"xpath","value":".//a[normalize-space() = \"Logout\"]"}
COMMAND: POST /session/709b7f274de35e4c24a5d55102d94f94/elements - {"using":"xpath","value":".//a[normalize-space() = \"Logout\"]"}
RESULT: {"using":"xpath","value":".//a[normalize-space() = \"Logout\"]"}
COMMAND: POST /session/709b7f274de35e4c24a5d55102d94f94/elements - {"using":"xpath","value":".//a[normalize-space() = \"Logout\"]"}
RESULT: {"using":"xpath","value":".//a[normalize-space() = \"Logout\"]"}
COMMAND: POST /session/709b7f274de35e4c24a5d55102d94f94/elements - {"using":"xpath","value":".//a[normalize-space() = \"Logout\"]"}
RESULT: {"using":"xpath","value":".//a[normalize-space() = \"Logout\"]"}
COMMAND: POST /session/709b7f274de35e4c24a5d55102d94f94/elements - {"using":"xpath","value":".//a[normalize-space() = \"Logout\"]"}
RESULT: {"using":"xpath","value":".//a[normalize-space() = \"Logout\"]"}
COMMAND: POST /session/709b7f274de35e4c24a5d55102d94f94/elements - {"using":"xpath","value":".//a[normalize-space() = \"Logout\"]"}
RESULT: {"using":"xpath","value":".//a[normalize-space() = \"Logout\"]"}
COMMAND: POST /session/709b7f274de35e4c24a5d55102d94f94/elements - {"using":"xpath","value":".//a[normalize-space() = \"Logout\"]"}
RESULT: {"using":"xpath","value":".//a[normalize-space() = \"Logout\"]"}
COMMAND: POST /session/709b7f274de35e4c24a5d55102d94f94/elements - {"using":"xpath","value":".//a[normalize-space() = \"Logout\"]"}
RESULT: {"using":"xpath","value":".//a[normalize-space() = \"Logout\"]"}
COMMAND: POST /session/709b7f274de35e4c24a5d55102d94f94/elements - {"using":"xpath","value":".//a[normalize-space() = \"Logout\"]"}
RESULT: {"using":"xpath","value":".//a[normalize-space() = \"Logout\"]"}
COMMAND: POST /session/709b7f274de35e4c24a5d55102d94f94/elements - {"using":"xpath","value":".//a[normalize-space() = \"Logout\"]"}
RESULT: {"using":"xpath","value":".//a[normalize-space() = \"Logout\"]"}
COMMAND: POST /session/709b7f274de35e4c24a5d55102d94f94/elements - {"using":"xpath","value":".//a[normalize-space() = \"Logout\"]"}
RESULT: {"using":"xpath","value":".//a[normalize-space() = \"Logout\"]"}
COMMAND: POST /session/709b7f274de35e4c24a5d55102d94f94/elements - {"using":"xpath","value":".//a[normalize-space() = \"Logout\"]"}
RESULT: {"using":"xpath","value":".//a[normalize-space() = \"Logout\"]"}
COMMAND: POST /session/709b7f274de35e4c24a5d55102d94f94/elements - {"using":"xpath","value":".//a[normalize-space() = \"Logout\"]"}
RESULT: {"using":"xpath","value":".//a[normalize-space() = \"Logout\"]"}
COMMAND: POST /session/709b7f274de35e4c24a5d55102d94f94/elements - {"using":"xpath","value":".//a[normalize-space() = \"Logout\"]"}
RESULT: {"using":"xpath","value":".//a[normalize-space() = \"Logout\"]"}
COMMAND: POST /session/709b7f274de35e4c24a5d55102d94f94/elements - {"using":"xpath","value":".//a[normalize-space() = \"Logout\"]"}
RESULT: {"using":"xpath","value":".//a[normalize-space() = \"Logout\"]"}
COMMAND: DELETE /session/709b7f274de35e4c24a5d55102d94f94 - {}
RESULT: {}
]]></system-out>
      <system-err><![CDATA[
Error: Can't call $ on element with selector "a=Logout" because element wasn't found
    at async Browser.<anonymous> (C:\Users\ADMIN\Desktop\Webdriver\webdriverio_github_actions\wdio.conf.js:253:38)
]]></system-err>
    </testcase>
  </testsuite>
</testsuites>