<?xml version="1.0" encoding="UTF-8"?>
<testsuites>
  <testsuite name="Login flow" timestamp="2023-02-17T12:11:16" time="23.725" tests="2" failures="1" errors="1" skipped="0">
    <properties>
      <property name="specId" value="0"/>
      <property name="suiteName" value="Login flow"/>
      <property name="capabilities" value="chrome.110_0_5481_77.windows"/>
      <property name="file" value="file:///C:/Users/ADMIN/Desktop/Webdriver/webdriverio_github_actions/test/specs/login.e2e.js"/>
    </properties>
    <testcase classname="chrome.110_0_5481_77.windows.Login_flow" name="Login successfully" time="20.942">
      <failure/>
      <error message="Can't call $ on element with selector &quot;a=Logout&quot; because element wasn't found"/>
      <system-out><![CDATA[
COMMAND: POST /session/154614e85968c9b666adc79d943eda04/url - {"url":"http://zero.webappsecurity.com/index.html"}
RESULT: {"url":"http://zero.webappsecurity.com/index.html"}
COMMAND: POST /session/154614e85968c9b666adc79d943eda04/window/maximize - {}
RESULT: {}
RESULT: undefined
COMMAND: POST /session/154614e85968c9b666adc79d943eda04/element - {"using":"xpath","value":".//button[contains(., \"Signin\")]"}
RESULT: {"using":"xpath","value":".//button[contains(., \"Signin\")]"}
COMMAND: POST /session/154614e85968c9b666adc79d943eda04/execute/sync - {"script":"return (function isElementDisplayed(element) {\n    function nodeIsElement(node) {\n        if (!node) {\n            return false;\n        }\n        switch (node.nodeType) {\n            case Node.ELEMEN ... (7807 more bytes)","args":[{"element-6066-11e4-a52e-4f735466cecf":"06d872da-2e8a-4ff2-8b44-20fd8a6d74e7","ELEMENT":"06d872da-2e8a-4ff2-8b44-20fd8a6d74e7"}]}
RESULT: {"script":"return (function isElementDisplayed(element) {\n    function nodeIsElement(node) {\n        if (!node) {\n            return false;\n        }\n        switch (node.nodeType) {\n            case Node.ELEMEN ... (7807 more bytes)","args":[{"element-6066-11e4-a52e-4f735466cecf":"06d872da-2e8a-4ff2-8b44-20fd8a6d74e7","ELEMENT":"06d872da-2e8a-4ff2-8b44-20fd8a6d74e7"}]}
COMMAND: POST /session/154614e85968c9b666adc79d943eda04/execute/sync - {"script":"return (function isElementClickable(elem) {\n    if (!elem.getBoundingClientRect || !elem.scrollIntoView || !elem.contains || !elem.getClientRects || !document.elementFromPoint) {\n        return false; ... (5151 more bytes)","args":[{"element-6066-11e4-a52e-4f735466cecf":"06d872da-2e8a-4ff2-8b44-20fd8a6d74e7","ELEMENT":"06d872da-2e8a-4ff2-8b44-20fd8a6d74e7"}]}
RESULT: {"script":"return (function isElementClickable(elem) {\n    if (!elem.getBoundingClientRect || !elem.scrollIntoView || !elem.contains || !elem.getClientRects || !document.elementFromPoint) {\n        return false; ... (5151 more bytes)","args":[{"element-6066-11e4-a52e-4f735466cecf":"06d872da-2e8a-4ff2-8b44-20fd8a6d74e7","ELEMENT":"06d872da-2e8a-4ff2-8b44-20fd8a6d74e7"}]}
COMMAND: POST /session/154614e85968c9b666adc79d943eda04/element/06d872da-2e8a-4ff2-8b44-20fd8a6d74e7/click - {}
RESULT: {}
RESULT: undefined
COMMAND: POST /session/154614e85968c9b666adc79d943eda04/element - {"using":"css selector","value":"#login_form"}
RESULT: {"using":"css selector","value":"#login_form"}
COMMAND: POST /session/154614e85968c9b666adc79d943eda04/execute/sync - {"script":"return (function isElementDisplayed(element) {\n    function nodeIsElement(node) {\n        if (!node) {\n            return false;\n        }\n        switch (node.nodeType) {\n            case Node.ELEMEN ... (7807 more bytes)","args":[{"element-6066-11e4-a52e-4f735466cecf":"badd0315-c4f1-49ea-ae12-6a8778ea12a5","ELEMENT":"badd0315-c4f1-49ea-ae12-6a8778ea12a5"}]}
RESULT: {"script":"return (function isElementDisplayed(element) {\n    function nodeIsElement(node) {\n        if (!node) {\n            return false;\n        }\n        switch (node.nodeType) {\n            case Node.ELEMEN ... (7807 more bytes)","args":[{"element-6066-11e4-a52e-4f735466cecf":"badd0315-c4f1-49ea-ae12-6a8778ea12a5","ELEMENT":"badd0315-c4f1-49ea-ae12-6a8778ea12a5"}]}
RESULT: undefined
COMMAND: POST /session/154614e85968c9b666adc79d943eda04/element - {"using":"css selector","value":"#user_login"}
RESULT: {"using":"css selector","value":"#user_login"}
COMMAND: POST /session/154614e85968c9b666adc79d943eda04/element/0afcbf49-f5f1-4659-ac3f-3eaba566ec59/clear - {}
RESULT: {}
COMMAND: POST /session/154614e85968c9b666adc79d943eda04/element/0afcbf49-f5f1-4659-ac3f-3eaba566ec59/value - {"text":"undefined"}
RESULT: {"text":"undefined"}
RESULT: undefined
COMMAND: POST /session/154614e85968c9b666adc79d943eda04/element - {"using":"css selector","value":"#user_password"}
RESULT: {"using":"css selector","value":"#user_password"}
COMMAND: POST /session/154614e85968c9b666adc79d943eda04/element/668323ac-efe2-4a80-9b17-4a966d8d9d12/clear - {}
RESULT: {}
COMMAND: POST /session/154614e85968c9b666adc79d943eda04/element/668323ac-efe2-4a80-9b17-4a966d8d9d12/value - {"text":"undefined"}
RESULT: {"text":"undefined"}
RESULT: undefined
COMMAND: POST /session/154614e85968c9b666adc79d943eda04/element - {"using":"css selector","value":"#user_remember_me"}
RESULT: {"using":"css selector","value":"#user_remember_me"}
COMMAND: POST /session/154614e85968c9b666adc79d943eda04/execute/sync - {"script":"return (function isElementDisplayed(element) {\n    function nodeIsElement(node) {\n        if (!node) {\n            return false;\n        }\n        switch (node.nodeType) {\n            case Node.ELEMEN ... (7807 more bytes)","args":[{"element-6066-11e4-a52e-4f735466cecf":"cf2da83c-5c77-4824-8d67-34d3e6e00f1d","ELEMENT":"cf2da83c-5c77-4824-8d67-34d3e6e00f1d"}]}
RESULT: {"script":"return (function isElementDisplayed(element) {\n    function nodeIsElement(node) {\n        if (!node) {\n            return false;\n        }\n        switch (node.nodeType) {\n            case Node.ELEMEN ... (7807 more bytes)","args":[{"element-6066-11e4-a52e-4f735466cecf":"cf2da83c-5c77-4824-8d67-34d3e6e00f1d","ELEMENT":"cf2da83c-5c77-4824-8d67-34d3e6e00f1d"}]}
COMMAND: POST /session/154614e85968c9b666adc79d943eda04/execute/sync - {"script":"return (function isElementClickable(elem) {\n    if (!elem.getBoundingClientRect || !elem.scrollIntoView || !elem.contains || !elem.getClientRects || !document.elementFromPoint) {\n        return false; ... (5151 more bytes)","args":[{"element-6066-11e4-a52e-4f735466cecf":"cf2da83c-5c77-4824-8d67-34d3e6e00f1d","ELEMENT":"cf2da83c-5c77-4824-8d67-34d3e6e00f1d"}]}
RESULT: {"script":"return (function isElementClickable(elem) {\n    if (!elem.getBoundingClientRect || !elem.scrollIntoView || !elem.contains || !elem.getClientRects || !document.elementFromPoint) {\n        return false; ... (5151 more bytes)","args":[{"element-6066-11e4-a52e-4f735466cecf":"cf2da83c-5c77-4824-8d67-34d3e6e00f1d","ELEMENT":"cf2da83c-5c77-4824-8d67-34d3e6e00f1d"}]}
COMMAND: POST /session/154614e85968c9b666adc79d943eda04/element/cf2da83c-5c77-4824-8d67-34d3e6e00f1d/click - {}
RESULT: {}
RESULT: undefined
COMMAND: POST /session/154614e85968c9b666adc79d943eda04/element - {"using":"css selector","value":"[value=\"Sign in\"]"}
RESULT: {"using":"css selector","value":"[value=\"Sign in\"]"}
COMMAND: POST /session/154614e85968c9b666adc79d943eda04/execute/sync - {"script":"return (function isElementDisplayed(element) {\n    function nodeIsElement(node) {\n        if (!node) {\n            return false;\n        }\n        switch (node.nodeType) {\n            case Node.ELEMEN ... (7807 more bytes)","args":[{"element-6066-11e4-a52e-4f735466cecf":"fd31d857-5f28-4a83-8b22-31ec94aed22f","ELEMENT":"fd31d857-5f28-4a83-8b22-31ec94aed22f"}]}
RESULT: {"script":"return (function isElementDisplayed(element) {\n    function nodeIsElement(node) {\n        if (!node) {\n            return false;\n        }\n        switch (node.nodeType) {\n            case Node.ELEMEN ... (7807 more bytes)","args":[{"element-6066-11e4-a52e-4f735466cecf":"fd31d857-5f28-4a83-8b22-31ec94aed22f","ELEMENT":"fd31d857-5f28-4a83-8b22-31ec94aed22f"}]}
COMMAND: POST /session/154614e85968c9b666adc79d943eda04/execute/sync - {"script":"return (function isElementClickable(elem) {\n    if (!elem.getBoundingClientRect || !elem.scrollIntoView || !elem.contains || !elem.getClientRects || !document.elementFromPoint) {\n        return false; ... (5151 more bytes)","args":[{"element-6066-11e4-a52e-4f735466cecf":"fd31d857-5f28-4a83-8b22-31ec94aed22f","ELEMENT":"fd31d857-5f28-4a83-8b22-31ec94aed22f"}]}
RESULT: {"script":"return (function isElementClickable(elem) {\n    if (!elem.getBoundingClientRect || !elem.scrollIntoView || !elem.contains || !elem.getClientRects || !document.elementFromPoint) {\n        return false; ... (5151 more bytes)","args":[{"element-6066-11e4-a52e-4f735466cecf":"fd31d857-5f28-4a83-8b22-31ec94aed22f","ELEMENT":"fd31d857-5f28-4a83-8b22-31ec94aed22f"}]}
COMMAND: POST /session/154614e85968c9b666adc79d943eda04/element/fd31d857-5f28-4a83-8b22-31ec94aed22f/click - {}
RESULT: {}
RESULT: undefined
COMMAND: POST /session/154614e85968c9b666adc79d943eda04/url - {"url":"http://zero.webappsecurity.com/"}
RESULT: {"url":"http://zero.webappsecurity.com/"}
COMMAND: POST /session/154614e85968c9b666adc79d943eda04/element - {"using":"xpath","value":".//a[normalize-space() = \"Logout\"]"}
RESULT: {"using":"xpath","value":".//a[normalize-space() = \"Logout\"]"}
COMMAND: POST /session/154614e85968c9b666adc79d943eda04/elements - {"using":"xpath","value":".//a[normalize-space() = \"Logout\"]"}
RESULT: {"using":"xpath","value":".//a[normalize-space() = \"Logout\"]"}
COMMAND: POST /session/154614e85968c9b666adc79d943eda04/elements - {"using":"xpath","value":".//a[normalize-space() = \"Logout\"]"}
RESULT: {"using":"xpath","value":".//a[normalize-space() = \"Logout\"]"}
COMMAND: POST /session/154614e85968c9b666adc79d943eda04/elements - {"using":"xpath","value":".//a[normalize-space() = \"Logout\"]"}
RESULT: {"using":"xpath","value":".//a[normalize-space() = \"Logout\"]"}
COMMAND: POST /session/154614e85968c9b666adc79d943eda04/elements - {"using":"xpath","value":".//a[normalize-space() = \"Logout\"]"}
RESULT: {"using":"xpath","value":".//a[normalize-space() = \"Logout\"]"}
COMMAND: POST /session/154614e85968c9b666adc79d943eda04/elements - {"using":"xpath","value":".//a[normalize-space() = \"Logout\"]"}
RESULT: {"using":"xpath","value":".//a[normalize-space() = \"Logout\"]"}
COMMAND: POST /session/154614e85968c9b666adc79d943eda04/elements - {"using":"xpath","value":".//a[normalize-space() = \"Logout\"]"}
RESULT: {"using":"xpath","value":".//a[normalize-space() = \"Logout\"]"}
COMMAND: POST /session/154614e85968c9b666adc79d943eda04/elements - {"using":"xpath","value":".//a[normalize-space() = \"Logout\"]"}
RESULT: {"using":"xpath","value":".//a[normalize-space() = \"Logout\"]"}
COMMAND: POST /session/154614e85968c9b666adc79d943eda04/elements - {"using":"xpath","value":".//a[normalize-space() = \"Logout\"]"}
RESULT: {"using":"xpath","value":".//a[normalize-space() = \"Logout\"]"}
COMMAND: POST /session/154614e85968c9b666adc79d943eda04/elements - {"using":"xpath","value":".//a[normalize-space() = \"Logout\"]"}
RESULT: {"using":"xpath","value":".//a[normalize-space() = \"Logout\"]"}
COMMAND: POST /session/154614e85968c9b666adc79d943eda04/elements - {"using":"xpath","value":".//a[normalize-space() = \"Logout\"]"}
RESULT: {"using":"xpath","value":".//a[normalize-space() = \"Logout\"]"}
COMMAND: POST /session/154614e85968c9b666adc79d943eda04/elements - {"using":"xpath","value":".//a[normalize-space() = \"Logout\"]"}
RESULT: {"using":"xpath","value":".//a[normalize-space() = \"Logout\"]"}
COMMAND: POST /session/154614e85968c9b666adc79d943eda04/elements - {"using":"xpath","value":".//a[normalize-space() = \"Logout\"]"}
RESULT: {"using":"xpath","value":".//a[normalize-space() = \"Logout\"]"}
COMMAND: POST /session/154614e85968c9b666adc79d943eda04/elements - {"using":"xpath","value":".//a[normalize-space() = \"Logout\"]"}
RESULT: {"using":"xpath","value":".//a[normalize-space() = \"Logout\"]"}
COMMAND: POST /session/154614e85968c9b666adc79d943eda04/elements - {"using":"xpath","value":".//a[normalize-space() = \"Logout\"]"}
RESULT: {"using":"xpath","value":".//a[normalize-space() = \"Logout\"]"}
COMMAND: POST /session/154614e85968c9b666adc79d943eda04/elements - {"using":"xpath","value":".//a[normalize-space() = \"Logout\"]"}
RESULT: {"using":"xpath","value":".//a[normalize-space() = \"Logout\"]"}
COMMAND: POST /session/154614e85968c9b666adc79d943eda04/elements - {"using":"xpath","value":".//a[normalize-space() = \"Logout\"]"}
RESULT: {"using":"xpath","value":".//a[normalize-space() = \"Logout\"]"}
COMMAND: POST /session/154614e85968c9b666adc79d943eda04/elements - {"using":"xpath","value":".//a[normalize-space() = \"Logout\"]"}
RESULT: {"using":"xpath","value":".//a[normalize-space() = \"Logout\"]"}
COMMAND: POST /session/154614e85968c9b666adc79d943eda04/elements - {"using":"xpath","value":".//a[normalize-space() = \"Logout\"]"}
RESULT: {"using":"xpath","value":".//a[normalize-space() = \"Logout\"]"}
COMMAND: POST /session/154614e85968c9b666adc79d943eda04/elements - {"using":"xpath","value":".//a[normalize-space() = \"Logout\"]"}
RESULT: {"using":"xpath","value":".//a[normalize-space() = \"Logout\"]"}
COMMAND: POST /session/154614e85968c9b666adc79d943eda04/elements - {"using":"xpath","value":".//a[normalize-space() = \"Logout\"]"}
RESULT: {"using":"xpath","value":".//a[normalize-space() = \"Logout\"]"}
COMMAND: POST /session/154614e85968c9b666adc79d943eda04/elements - {"using":"xpath","value":".//a[normalize-space() = \"Logout\"]"}
]]></system-out>
      <system-err><![CDATA[
Error: Can't call $ on element with selector "a=Logout" because element wasn't found
    at async Browser.<anonymous> (C:\Users\ADMIN\Desktop\Webdriver\webdriverio_github_actions\wdio.conf.js:253:38)
]]></system-err>
    </testcase>
    <testcase classname="chrome.110_0_5481_77.windows.Login_flow" name="Login unsucessfully" time="2.778">
      <system-out><![CDATA[
COMMAND: POST /session/154614e85968c9b666adc79d943eda04/url - {"url":"http://zero.webappsecurity.com/index.html"}
RESULT: {"using":"xpath","value":".//a[normalize-space() = \"Logout\"]"}
RESULT: {"url":"http://zero.webappsecurity.com/index.html"}
COMMAND: POST /session/154614e85968c9b666adc79d943eda04/window/maximize - {}
RESULT: {}
RESULT: undefined
COMMAND: POST /session/154614e85968c9b666adc79d943eda04/element - {"using":"xpath","value":".//button[contains(., \"Signin\")]"}
RESULT: {"using":"xpath","value":".//button[contains(., \"Signin\")]"}
COMMAND: POST /session/154614e85968c9b666adc79d943eda04/execute/sync - {"script":"return (function isElementDisplayed(element) {\n    function nodeIsElement(node) {\n        if (!node) {\n            return false;\n        }\n        switch (node.nodeType) {\n            case Node.ELEMEN ... (7807 more bytes)","args":[{"element-6066-11e4-a52e-4f735466cecf":"366f8691-2b62-43b9-a615-6b38bdb98e2a","ELEMENT":"366f8691-2b62-43b9-a615-6b38bdb98e2a"}]}
RESULT: {"script":"return (function isElementDisplayed(element) {\n    function nodeIsElement(node) {\n        if (!node) {\n            return false;\n        }\n        switch (node.nodeType) {\n            case Node.ELEMEN ... (7807 more bytes)","args":[{"element-6066-11e4-a52e-4f735466cecf":"366f8691-2b62-43b9-a615-6b38bdb98e2a","ELEMENT":"366f8691-2b62-43b9-a615-6b38bdb98e2a"}]}
COMMAND: POST /session/154614e85968c9b666adc79d943eda04/execute/sync - {"script":"return (function isElementClickable(elem) {\n    if (!elem.getBoundingClientRect || !elem.scrollIntoView || !elem.contains || !elem.getClientRects || !document.elementFromPoint) {\n        return false; ... (5151 more bytes)","args":[{"element-6066-11e4-a52e-4f735466cecf":"366f8691-2b62-43b9-a615-6b38bdb98e2a","ELEMENT":"366f8691-2b62-43b9-a615-6b38bdb98e2a"}]}
RESULT: {"script":"return (function isElementClickable(elem) {\n    if (!elem.getBoundingClientRect || !elem.scrollIntoView || !elem.contains || !elem.getClientRects || !document.elementFromPoint) {\n        return false; ... (5151 more bytes)","args":[{"element-6066-11e4-a52e-4f735466cecf":"366f8691-2b62-43b9-a615-6b38bdb98e2a","ELEMENT":"366f8691-2b62-43b9-a615-6b38bdb98e2a"}]}
COMMAND: POST /session/154614e85968c9b666adc79d943eda04/element/366f8691-2b62-43b9-a615-6b38bdb98e2a/click - {}
RESULT: {}
RESULT: undefined
COMMAND: POST /session/154614e85968c9b666adc79d943eda04/element - {"using":"css selector","value":"#login_form"}
RESULT: {"using":"css selector","value":"#login_form"}
COMMAND: POST /session/154614e85968c9b666adc79d943eda04/execute/sync - {"script":"return (function isElementDisplayed(element) {\n    function nodeIsElement(node) {\n        if (!node) {\n            return false;\n        }\n        switch (node.nodeType) {\n            case Node.ELEMEN ... (7807 more bytes)","args":[{"element-6066-11e4-a52e-4f735466cecf":"d7a70711-4e81-427f-b14d-219689b7a101","ELEMENT":"d7a70711-4e81-427f-b14d-219689b7a101"}]}
RESULT: {"script":"return (function isElementDisplayed(element) {\n    function nodeIsElement(node) {\n        if (!node) {\n            return false;\n        }\n        switch (node.nodeType) {\n            case Node.ELEMEN ... (7807 more bytes)","args":[{"element-6066-11e4-a52e-4f735466cecf":"d7a70711-4e81-427f-b14d-219689b7a101","ELEMENT":"d7a70711-4e81-427f-b14d-219689b7a101"}]}
RESULT: undefined
COMMAND: POST /session/154614e85968c9b666adc79d943eda04/element - {"using":"css selector","value":"#user_login"}
RESULT: {"using":"css selector","value":"#user_login"}
COMMAND: POST /session/154614e85968c9b666adc79d943eda04/element/594a7cf2-d3e1-4284-aa94-4e1bdfe2bb10/clear - {}
RESULT: {}
COMMAND: POST /session/154614e85968c9b666adc79d943eda04/element/594a7cf2-d3e1-4284-aa94-4e1bdfe2bb10/value - {"text":"dsad"}
RESULT: {"text":"dsad"}
RESULT: undefined
COMMAND: POST /session/154614e85968c9b666adc79d943eda04/element - {"using":"css selector","value":"#user_password"}
RESULT: {"using":"css selector","value":"#user_password"}
COMMAND: POST /session/154614e85968c9b666adc79d943eda04/element/3189e54f-773f-4392-868f-cf6443b32dbf/clear - {}
RESULT: {}
COMMAND: POST /session/154614e85968c9b666adc79d943eda04/element/3189e54f-773f-4392-868f-cf6443b32dbf/value - {"text":"dsadsa"}
RESULT: {"text":"dsadsa"}
RESULT: undefined
COMMAND: POST /session/154614e85968c9b666adc79d943eda04/element - {"using":"css selector","value":"[value=\"Sign in\"]"}
RESULT: {"using":"css selector","value":"[value=\"Sign in\"]"}
COMMAND: POST /session/154614e85968c9b666adc79d943eda04/execute/sync - {"script":"return (function isElementDisplayed(element) {\n    function nodeIsElement(node) {\n        if (!node) {\n            return false;\n        }\n        switch (node.nodeType) {\n            case Node.ELEMEN ... (7807 more bytes)","args":[{"element-6066-11e4-a52e-4f735466cecf":"697f7a7b-3282-4682-8e55-248fd4f33787","ELEMENT":"697f7a7b-3282-4682-8e55-248fd4f33787"}]}
RESULT: {"script":"return (function isElementDisplayed(element) {\n    function nodeIsElement(node) {\n        if (!node) {\n            return false;\n        }\n        switch (node.nodeType) {\n            case Node.ELEMEN ... (7807 more bytes)","args":[{"element-6066-11e4-a52e-4f735466cecf":"697f7a7b-3282-4682-8e55-248fd4f33787","ELEMENT":"697f7a7b-3282-4682-8e55-248fd4f33787"}]}
COMMAND: POST /session/154614e85968c9b666adc79d943eda04/execute/sync - {"script":"return (function isElementClickable(elem) {\n    if (!elem.getBoundingClientRect || !elem.scrollIntoView || !elem.contains || !elem.getClientRects || !document.elementFromPoint) {\n        return false; ... (5151 more bytes)","args":[{"element-6066-11e4-a52e-4f735466cecf":"697f7a7b-3282-4682-8e55-248fd4f33787","ELEMENT":"697f7a7b-3282-4682-8e55-248fd4f33787"}]}
RESULT: {"script":"return (function isElementClickable(elem) {\n    if (!elem.getBoundingClientRect || !elem.scrollIntoView || !elem.contains || !elem.getClientRects || !document.elementFromPoint) {\n        return false; ... (5151 more bytes)","args":[{"element-6066-11e4-a52e-4f735466cecf":"697f7a7b-3282-4682-8e55-248fd4f33787","ELEMENT":"697f7a7b-3282-4682-8e55-248fd4f33787"}]}
COMMAND: POST /session/154614e85968c9b666adc79d943eda04/element/697f7a7b-3282-4682-8e55-248fd4f33787/click - {}
RESULT: {}
RESULT: undefined
COMMAND: POST /session/154614e85968c9b666adc79d943eda04/element - {"using":"xpath","value":".//div[contains(., \"Login and/or password are wrong.\")]"}
RESULT: {"using":"xpath","value":".//div[contains(., \"Login and/or password are wrong.\")]"}
COMMAND: POST /session/154614e85968c9b666adc79d943eda04/execute/sync - {"script":"return (function isElementDisplayed(element) {\n    function nodeIsElement(node) {\n        if (!node) {\n            return false;\n        }\n        switch (node.nodeType) {\n            case Node.ELEMEN ... (7807 more bytes)","args":[{"element-6066-11e4-a52e-4f735466cecf":"8451d308-4fc6-420c-97b5-95a49e3f5147","ELEMENT":"8451d308-4fc6-420c-97b5-95a49e3f5147"}]}
RESULT: {"script":"return (function isElementDisplayed(element) {\n    function nodeIsElement(node) {\n        if (!node) {\n            return false;\n        }\n        switch (node.nodeType) {\n            case Node.ELEMEN ... (7807 more bytes)","args":[{"element-6066-11e4-a52e-4f735466cecf":"8451d308-4fc6-420c-97b5-95a49e3f5147","ELEMENT":"8451d308-4fc6-420c-97b5-95a49e3f5147"}]}
RESULT: undefined
COMMAND: DELETE /session/154614e85968c9b666adc79d943eda04 - {}
RESULT: {}
]]></system-out>
    </testcase>
  </testsuite>
</testsuites>